2015-04-10 08:58:26,149 WARN org.apache.hadoop.util.NativeCodeLoader: Unable to load native-hadoop library for your platform... using builtin-java classes where applicable
2015-04-10 08:58:26,636 INFO org.apache.hadoop.conf.Configuration.deprecation: session.id is deprecated. Instead, use dfs.metrics.session-id
2015-04-10 08:58:26,645 INFO org.apache.hadoop.metrics.jvm.JvmMetrics: Initializing JVM Metrics with processName=JobTracker, sessionId=
2015-04-10 08:58:27,464 WARN org.apache.hadoop.mapreduce.JobSubmitter: No job jar file set.  User classes may not be found. See Job or Job#setJar(String).
2015-04-10 08:58:27,498 INFO org.apache.hadoop.mapreduce.JobSubmitter: Cleaning up the staging area file:/tmp/hadoop-cloudera/mapred/staging/cloudera852523334/.staging/job_local852523334_0001
2015-04-10 08:58:27,501 WARN org.apache.hadoop.security.UserGroupInformation: PriviledgedActionException as:cloudera (auth:SIMPLE) cause:org.apache.hadoop.mapreduce.lib.input.InvalidInputException: Input path does not exist: file:/home/cloudera/workspace/WordCount/pg100.txt
2015-04-10 09:00:44,703 WARN org.apache.hadoop.util.NativeCodeLoader: Unable to load native-hadoop library for your platform... using builtin-java classes where applicable
2015-04-10 09:00:45,315 INFO org.apache.hadoop.conf.Configuration.deprecation: session.id is deprecated. Instead, use dfs.metrics.session-id
2015-04-10 09:00:45,317 INFO org.apache.hadoop.metrics.jvm.JvmMetrics: Initializing JVM Metrics with processName=JobTracker, sessionId=
2015-04-10 09:00:46,047 WARN org.apache.hadoop.mapreduce.JobSubmitter: No job jar file set.  User classes may not be found. See Job or Job#setJar(String).
2015-04-10 09:00:46,064 INFO org.apache.hadoop.mapreduce.JobSubmitter: Cleaning up the staging area file:/tmp/hadoop-cloudera/mapred/staging/cloudera1759268169/.staging/job_local1759268169_0001
2015-04-10 09:00:46,065 WARN org.apache.hadoop.security.UserGroupInformation: PriviledgedActionException as:cloudera (auth:SIMPLE) cause:org.apache.hadoop.mapreduce.lib.input.InvalidInputException: Input path does not exist: file:/home/cloudera/workspace/WordCount/pg100.txt
2015-04-10 09:02:46,959 WARN org.apache.hadoop.util.NativeCodeLoader: Unable to load native-hadoop library for your platform... using builtin-java classes where applicable
2015-04-10 09:02:49,860 INFO org.apache.hadoop.conf.Configuration.deprecation: session.id is deprecated. Instead, use dfs.metrics.session-id
2015-04-10 09:02:49,863 INFO org.apache.hadoop.metrics.jvm.JvmMetrics: Initializing JVM Metrics with processName=JobTracker, sessionId=
2015-04-10 09:02:51,000 WARN org.apache.hadoop.mapreduce.JobSubmitter: No job jar file set.  User classes may not be found. See Job or Job#setJar(String).
2015-04-10 09:02:51,036 INFO org.apache.hadoop.mapreduce.JobSubmitter: Cleaning up the staging area file:/tmp/hadoop-cloudera/mapred/staging/cloudera1797421627/.staging/job_local1797421627_0001
2015-04-10 09:02:51,037 WARN org.apache.hadoop.security.UserGroupInformation: PriviledgedActionException as:cloudera (auth:SIMPLE) cause:org.apache.hadoop.mapreduce.lib.input.InvalidInputException: Input path does not exist: file:/home/cloudera/workspace/WordCount/pg100.txt
2015-04-10 09:08:43,467 WARN org.apache.hadoop.util.NativeCodeLoader: Unable to load native-hadoop library for your platform... using builtin-java classes where applicable
2015-04-10 09:08:44,005 INFO org.apache.hadoop.conf.Configuration.deprecation: session.id is deprecated. Instead, use dfs.metrics.session-id
2015-04-10 09:08:44,011 INFO org.apache.hadoop.metrics.jvm.JvmMetrics: Initializing JVM Metrics with processName=JobTracker, sessionId=
2015-04-10 09:08:45,310 WARN org.apache.hadoop.mapreduce.JobSubmitter: No job jar file set.  User classes may not be found. See Job or Job#setJar(String).
2015-04-10 09:08:45,343 INFO org.apache.hadoop.mapreduce.lib.input.FileInputFormat: Total input paths to process : 1
2015-04-10 09:08:45,473 INFO org.apache.hadoop.mapreduce.JobSubmitter: number of splits:1
2015-04-10 09:08:45,954 INFO org.apache.hadoop.mapreduce.JobSubmitter: Submitting tokens for job: job_local960458220_0001
2015-04-10 09:08:46,084 WARN org.apache.hadoop.conf.Configuration: file:/tmp/hadoop-cloudera/mapred/staging/cloudera960458220/.staging/job_local960458220_0001/job.xml:an attempt to override final parameter: mapreduce.job.end-notification.max.retry.interval;  Ignoring.
2015-04-10 09:08:46,117 WARN org.apache.hadoop.conf.Configuration: file:/tmp/hadoop-cloudera/mapred/staging/cloudera960458220/.staging/job_local960458220_0001/job.xml:an attempt to override final parameter: mapreduce.job.end-notification.max.attempts;  Ignoring.
2015-04-10 09:08:46,558 WARN org.apache.hadoop.conf.Configuration: file:/tmp/hadoop-cloudera/mapred/local/localRunner/cloudera/job_local960458220_0001/job_local960458220_0001.xml:an attempt to override final parameter: mapreduce.job.end-notification.max.retry.interval;  Ignoring.
2015-04-10 09:08:46,589 WARN org.apache.hadoop.conf.Configuration: file:/tmp/hadoop-cloudera/mapred/local/localRunner/cloudera/job_local960458220_0001/job_local960458220_0001.xml:an attempt to override final parameter: mapreduce.job.end-notification.max.attempts;  Ignoring.
2015-04-10 09:08:46,609 INFO org.apache.hadoop.mapreduce.Job: The url to track the job: http://localhost:8080/
2015-04-10 09:08:46,610 INFO org.apache.hadoop.mapreduce.Job: Running job: job_local960458220_0001
2015-04-10 09:08:46,644 INFO org.apache.hadoop.mapred.LocalJobRunner: OutputCommitter set in config null
2015-04-10 09:08:46,688 INFO org.apache.hadoop.mapred.LocalJobRunner: OutputCommitter is org.apache.hadoop.mapreduce.lib.output.FileOutputCommitter
2015-04-10 09:08:47,178 INFO org.apache.hadoop.mapred.LocalJobRunner: Waiting for map tasks
2015-04-10 09:08:47,179 INFO org.apache.hadoop.mapred.LocalJobRunner: Starting task: attempt_local960458220_0001_m_000000_0
2015-04-10 09:08:47,261 INFO org.apache.hadoop.mapred.Task:  Using ResourceCalculatorProcessTree : [ ]
2015-04-10 09:08:47,265 INFO org.apache.hadoop.mapred.MapTask: Processing split: file:/home/cloudera/workspace/WordCount/pg100.txt:0+5589886
2015-04-10 09:08:47,740 INFO org.apache.hadoop.mapreduce.Job: Job job_local960458220_0001 running in uber mode : false
2015-04-10 09:08:50,048 INFO org.apache.hadoop.mapred.MapTask: (EQUATOR) 0 kvi 26214396(104857584)
2015-04-10 09:08:50,050 INFO org.apache.hadoop.mapreduce.Job:  map 0% reduce 0%
2015-04-10 09:08:50,101 INFO org.apache.hadoop.mapred.MapTask: mapreduce.task.io.sort.mb: 100
2015-04-10 09:08:50,101 INFO org.apache.hadoop.mapred.MapTask: soft limit at 83886080
2015-04-10 09:08:50,101 INFO org.apache.hadoop.mapred.MapTask: bufstart = 0; bufvoid = 104857600
2015-04-10 09:08:50,101 INFO org.apache.hadoop.mapred.MapTask: kvstart = 26214396; length = 6553600
2015-04-10 09:08:50,167 INFO org.apache.hadoop.mapred.MapTask: Map output collector class = org.apache.hadoop.mapred.MapTask$MapOutputBuffer
2015-04-10 09:08:52,567 INFO org.apache.hadoop.mapred.LocalJobRunner: 
2015-04-10 09:08:52,568 INFO org.apache.hadoop.mapred.MapTask: Starting flush of map output
2015-04-10 09:08:52,568 INFO org.apache.hadoop.mapred.MapTask: Spilling map output
2015-04-10 09:08:52,568 INFO org.apache.hadoop.mapred.MapTask: bufstart = 0; bufend = 9171648; bufvoid = 104857600
2015-04-10 09:08:52,568 INFO org.apache.hadoop.mapred.MapTask: kvstart = 26214396(104857584); kvend = 22120624(88482496); length = 4093773/6553600
2015-04-10 09:08:53,289 INFO org.apache.hadoop.mapred.LocalJobRunner: map > sort
2015-04-10 09:08:54,162 INFO org.apache.hadoop.mapreduce.Job:  map 67% reduce 0%
2015-04-10 09:08:55,041 INFO org.apache.hadoop.mapred.MapTask: Finished spill 0
2015-04-10 09:08:55,047 INFO org.apache.hadoop.mapred.Task: Task:attempt_local960458220_0001_m_000000_0 is done. And is in the process of committing
2015-04-10 09:08:55,051 INFO org.apache.hadoop.mapred.LocalJobRunner: map
2015-04-10 09:08:55,052 INFO org.apache.hadoop.mapred.Task: Task 'attempt_local960458220_0001_m_000000_0' done.
2015-04-10 09:08:55,052 INFO org.apache.hadoop.mapred.LocalJobRunner: Finishing task: attempt_local960458220_0001_m_000000_0
2015-04-10 09:08:55,052 INFO org.apache.hadoop.mapred.LocalJobRunner: map task executor complete.
2015-04-10 09:08:55,057 INFO org.apache.hadoop.mapred.LocalJobRunner: Waiting for reduce tasks
2015-04-10 09:08:55,057 INFO org.apache.hadoop.mapred.LocalJobRunner: Starting task: attempt_local960458220_0001_r_000000_0
2015-04-10 09:08:55,066 INFO org.apache.hadoop.mapred.Task:  Using ResourceCalculatorProcessTree : [ ]
2015-04-10 09:08:55,081 INFO org.apache.hadoop.mapred.ReduceTask: Using ShuffleConsumerPlugin: org.apache.hadoop.mapreduce.task.reduce.Shuffle@6bca69a5
2015-04-10 09:08:55,107 INFO org.apache.hadoop.mapreduce.task.reduce.MergeManagerImpl: MergerManager: memoryLimit=177399392, maxSingleShuffleLimit=44349848, mergeThreshold=117083600, ioSortFactor=10, memToMemMergeOutputsThreshold=10
2015-04-10 09:08:55,114 INFO org.apache.hadoop.mapreduce.task.reduce.EventFetcher: attempt_local960458220_0001_r_000000_0 Thread started: EventFetcher for fetching Map Completion Events
2015-04-10 09:08:55,163 INFO org.apache.hadoop.mapreduce.Job:  map 100% reduce 0%
2015-04-10 09:08:55,366 INFO org.apache.hadoop.mapreduce.task.reduce.LocalFetcher: localfetcher#1 about to shuffle output of map attempt_local960458220_0001_m_000000_0 decomp: 11218538 len: 11218542 to MEMORY
2015-04-10 09:08:55,420 INFO org.apache.hadoop.mapreduce.task.reduce.InMemoryMapOutput: Read 11218538 bytes from map-output for attempt_local960458220_0001_m_000000_0
2015-04-10 09:08:55,481 INFO org.apache.hadoop.mapreduce.task.reduce.MergeManagerImpl: closeInMemoryFile -> map-output of size: 11218538, inMemoryMapOutputs.size() -> 1, commitMemory -> 0, usedMemory ->11218538
2015-04-10 09:08:55,482 INFO org.apache.hadoop.mapreduce.task.reduce.EventFetcher: EventFetcher is interrupted.. Returning
2015-04-10 09:08:55,484 INFO org.apache.hadoop.mapred.LocalJobRunner: 1 / 1 copied.
2015-04-10 09:08:55,487 INFO org.apache.hadoop.mapreduce.task.reduce.MergeManagerImpl: finalMerge called with 1 in-memory map-outputs and 0 on-disk map-outputs
2015-04-10 09:08:55,498 INFO org.apache.hadoop.mapred.Merger: Merging 1 sorted segments
2015-04-10 09:08:55,498 INFO org.apache.hadoop.mapred.Merger: Down to the last merge-pass, with 1 segments left of total size: 11218535 bytes
2015-04-10 09:08:56,240 INFO org.apache.hadoop.mapreduce.task.reduce.MergeManagerImpl: Merged 1 segments, 11218538 bytes to disk to satisfy reduce memory limit
2015-04-10 09:08:56,241 INFO org.apache.hadoop.mapreduce.task.reduce.MergeManagerImpl: Merging 1 files, 11218542 bytes from disk
2015-04-10 09:08:56,245 INFO org.apache.hadoop.mapreduce.task.reduce.MergeManagerImpl: Merging 0 segments, 0 bytes from memory into reduce
2015-04-10 09:08:56,246 INFO org.apache.hadoop.mapred.Merger: Merging 1 sorted segments
2015-04-10 09:08:56,247 INFO org.apache.hadoop.mapred.Merger: Down to the last merge-pass, with 1 segments left of total size: 11218535 bytes
2015-04-10 09:08:56,248 INFO org.apache.hadoop.mapred.LocalJobRunner: 1 / 1 copied.
2015-04-10 09:08:56,263 INFO org.apache.hadoop.conf.Configuration.deprecation: mapred.skip.on is deprecated. Instead, use mapreduce.job.skiprecords
2015-04-10 09:08:57,510 INFO org.apache.hadoop.mapred.Task: Task:attempt_local960458220_0001_r_000000_0 is done. And is in the process of committing
2015-04-10 09:08:57,523 INFO org.apache.hadoop.mapred.LocalJobRunner: 1 / 1 copied.
2015-04-10 09:08:57,524 INFO org.apache.hadoop.mapred.Task: Task attempt_local960458220_0001_r_000000_0 is allowed to commit now
2015-04-10 09:08:57,525 INFO org.apache.hadoop.mapreduce.lib.output.FileOutputCommitter: Saved output of task 'attempt_local960458220_0001_r_000000_0' to file:/home/cloudera/workspace/WordCount/output/_temporary/0/task_local960458220_0001_r_000000
2015-04-10 09:08:57,525 INFO org.apache.hadoop.mapred.LocalJobRunner: reduce > reduce
2015-04-10 09:08:57,525 INFO org.apache.hadoop.mapred.Task: Task 'attempt_local960458220_0001_r_000000_0' done.
2015-04-10 09:08:57,525 INFO org.apache.hadoop.mapred.LocalJobRunner: Finishing task: attempt_local960458220_0001_r_000000_0
2015-04-10 09:08:57,526 INFO org.apache.hadoop.mapred.LocalJobRunner: reduce task executor complete.
2015-04-10 09:08:58,170 INFO org.apache.hadoop.mapreduce.Job:  map 100% reduce 100%
2015-04-10 09:08:58,170 INFO org.apache.hadoop.mapreduce.Job: Job job_local960458220_0001 completed successfully
2015-04-10 09:08:58,187 INFO org.apache.hadoop.mapreduce.Job: Counters: 33
	File System Counters
		FILE: Number of bytes read=33617230
		FILE: Number of bytes written=34880572
		FILE: Number of read operations=0
		FILE: Number of large read operations=0
		FILE: Number of write operations=0
	Map-Reduce Framework
		Map input records=124787
		Map output records=1023444
		Map output bytes=9171648
		Map output materialized bytes=11218542
		Input split bytes=114
		Combine input records=0
		Combine output records=0
		Reduce input groups=67780
		Reduce shuffle bytes=11218542
		Reduce input records=1023444
		Reduce output records=67780
		Spilled Records=2046888
		Shuffled Maps =1
		Failed Shuffles=0
		Merged Map outputs=1
		GC time elapsed (ms)=154
		CPU time spent (ms)=0
		Physical memory (bytes) snapshot=0
		Virtual memory (bytes) snapshot=0
		Total committed heap usage (bytes)=288759808
	Shuffle Errors
		BAD_ID=0
		CONNECTION=0
		IO_ERROR=0
		WRONG_LENGTH=0
		WRONG_MAP=0
		WRONG_REDUCE=0
	File Input Format Counters 
		Bytes Read=5589886
	File Output Format Counters 
		Bytes Written=726624
2015-04-10 09:10:01,735 WARN org.apache.hadoop.util.NativeCodeLoader: Unable to load native-hadoop library for your platform... using builtin-java classes where applicable
2015-04-10 09:10:02,323 INFO org.apache.hadoop.conf.Configuration.deprecation: session.id is deprecated. Instead, use dfs.metrics.session-id
2015-04-10 09:10:02,340 INFO org.apache.hadoop.metrics.jvm.JvmMetrics: Initializing JVM Metrics with processName=JobTracker, sessionId=
2015-04-10 09:10:02,539 WARN org.apache.hadoop.security.UserGroupInformation: PriviledgedActionException as:cloudera (auth:SIMPLE) cause:org.apache.hadoop.mapred.FileAlreadyExistsException: Output directory file:/home/cloudera/workspace/WordCount/output already exists
2015-04-10 13:28:02,058 WARN org.apache.hadoop.util.NativeCodeLoader: Unable to load native-hadoop library for your platform... using builtin-java classes where applicable
2015-04-10 13:28:02,851 INFO org.apache.hadoop.conf.Configuration.deprecation: session.id is deprecated. Instead, use dfs.metrics.session-id
2015-04-10 13:28:02,854 INFO org.apache.hadoop.metrics.jvm.JvmMetrics: Initializing JVM Metrics with processName=JobTracker, sessionId=
2015-04-10 13:28:04,009 WARN org.apache.hadoop.mapreduce.JobSubmitter: No job jar file set.  User classes may not be found. See Job or Job#setJar(String).
2015-04-10 13:28:04,024 INFO org.apache.hadoop.mapreduce.lib.input.FileInputFormat: Total input paths to process : 1
2015-04-10 13:28:04,098 INFO org.apache.hadoop.mapreduce.JobSubmitter: number of splits:1
2015-04-10 13:28:04,545 INFO org.apache.hadoop.mapreduce.JobSubmitter: Submitting tokens for job: job_local1570848857_0001
2015-04-10 13:28:04,661 WARN org.apache.hadoop.conf.Configuration: file:/tmp/hadoop-cloudera/mapred/staging/cloudera1570848857/.staging/job_local1570848857_0001/job.xml:an attempt to override final parameter: mapreduce.job.end-notification.max.retry.interval;  Ignoring.
2015-04-10 13:28:04,692 WARN org.apache.hadoop.conf.Configuration: file:/tmp/hadoop-cloudera/mapred/staging/cloudera1570848857/.staging/job_local1570848857_0001/job.xml:an attempt to override final parameter: mapreduce.job.end-notification.max.attempts;  Ignoring.
2015-04-10 13:28:05,090 WARN org.apache.hadoop.conf.Configuration: file:/tmp/hadoop-cloudera/mapred/local/localRunner/cloudera/job_local1570848857_0001/job_local1570848857_0001.xml:an attempt to override final parameter: mapreduce.job.end-notification.max.retry.interval;  Ignoring.
2015-04-10 13:28:05,096 WARN org.apache.hadoop.conf.Configuration: file:/tmp/hadoop-cloudera/mapred/local/localRunner/cloudera/job_local1570848857_0001/job_local1570848857_0001.xml:an attempt to override final parameter: mapreduce.job.end-notification.max.attempts;  Ignoring.
2015-04-10 13:28:05,122 INFO org.apache.hadoop.mapreduce.Job: The url to track the job: http://localhost:8080/
2015-04-10 13:28:05,123 INFO org.apache.hadoop.mapreduce.Job: Running job: job_local1570848857_0001
2015-04-10 13:28:05,139 INFO org.apache.hadoop.mapred.LocalJobRunner: OutputCommitter set in config null
2015-04-10 13:28:05,170 INFO org.apache.hadoop.mapred.LocalJobRunner: OutputCommitter is org.apache.hadoop.mapreduce.lib.output.FileOutputCommitter
2015-04-10 13:28:05,544 INFO org.apache.hadoop.mapred.LocalJobRunner: Waiting for map tasks
2015-04-10 13:28:05,545 INFO org.apache.hadoop.mapred.LocalJobRunner: Starting task: attempt_local1570848857_0001_m_000000_0
2015-04-10 13:28:05,683 INFO org.apache.hadoop.mapred.Task:  Using ResourceCalculatorProcessTree : [ ]
2015-04-10 13:28:05,692 INFO org.apache.hadoop.mapred.MapTask: Processing split: file:/home/cloudera/workspace/WordCount/pg100.txt:0+5589886
2015-04-10 13:28:06,127 INFO org.apache.hadoop.mapreduce.Job: Job job_local1570848857_0001 running in uber mode : false
2015-04-10 13:28:06,337 INFO org.apache.hadoop.mapreduce.Job:  map 0% reduce 0%
2015-04-10 13:28:07,266 INFO org.apache.hadoop.mapred.MapTask: (EQUATOR) 0 kvi 26214396(104857584)
2015-04-10 13:28:07,269 INFO org.apache.hadoop.mapred.MapTask: mapreduce.task.io.sort.mb: 100
2015-04-10 13:28:07,269 INFO org.apache.hadoop.mapred.MapTask: soft limit at 83886080
2015-04-10 13:28:07,269 INFO org.apache.hadoop.mapred.MapTask: bufstart = 0; bufvoid = 104857600
2015-04-10 13:28:07,269 INFO org.apache.hadoop.mapred.MapTask: kvstart = 26214396; length = 6553600
2015-04-10 13:28:07,375 INFO org.apache.hadoop.mapred.MapTask: Map output collector class = org.apache.hadoop.mapred.MapTask$MapOutputBuffer
2015-04-10 13:28:07,424 INFO org.apache.hadoop.mapred.MapTask: Starting flush of map output
2015-04-10 13:28:07,424 INFO org.apache.hadoop.mapred.MapTask: Spilling map output
2015-04-10 13:28:07,424 INFO org.apache.hadoop.mapred.MapTask: bufstart = 0; bufend = 24; bufvoid = 104857600
2015-04-10 13:28:07,424 INFO org.apache.hadoop.mapred.MapTask: kvstart = 26214396(104857584); kvend = 26214384(104857536); length = 13/6553600
2015-04-10 13:28:07,852 INFO org.apache.hadoop.mapred.MapTask: Finished spill 0
2015-04-10 13:28:07,925 INFO org.apache.hadoop.mapred.LocalJobRunner: map task executor complete.
2015-04-10 13:28:07,929 WARN org.apache.hadoop.mapred.LocalJobRunner: job_local1570848857_0001
java.lang.Exception: java.lang.StringIndexOutOfBoundsException: String index out of range: 0
	at org.apache.hadoop.mapred.LocalJobRunner$Job.runTasks(LocalJobRunner.java:462)
	at org.apache.hadoop.mapred.LocalJobRunner$Job.run(LocalJobRunner.java:522)
Caused by: java.lang.StringIndexOutOfBoundsException: String index out of range: 0
	at java.lang.String.charAt(String.java:658)
	at edu.pitt.sis.infsci2711.wordcount.WordCount$Map.map(WordCount.java:59)
	at edu.pitt.sis.infsci2711.wordcount.WordCount$Map.map(WordCount.java:1)
	at org.apache.hadoop.mapreduce.Mapper.run(Mapper.java:145)
	at org.apache.hadoop.mapred.MapTask.runNewMapper(MapTask.java:784)
	at org.apache.hadoop.mapred.MapTask.run(MapTask.java:341)
	at org.apache.hadoop.mapred.LocalJobRunner$Job$MapTaskRunnable.run(LocalJobRunner.java:243)
	at java.util.concurrent.Executors$RunnableAdapter.call(Executors.java:471)
	at java.util.concurrent.FutureTask.run(FutureTask.java:262)
	at java.util.concurrent.ThreadPoolExecutor.runWorker(ThreadPoolExecutor.java:1145)
	at java.util.concurrent.ThreadPoolExecutor$Worker.run(ThreadPoolExecutor.java:615)
	at java.lang.Thread.run(Thread.java:745)
2015-04-10 13:28:08,697 INFO org.apache.hadoop.mapreduce.Job: Job job_local1570848857_0001 failed with state FAILED due to: NA
2015-04-10 13:28:08,730 INFO org.apache.hadoop.mapreduce.Job: Counters: 0
2015-04-10 13:43:59,362 WARN org.apache.hadoop.util.NativeCodeLoader: Unable to load native-hadoop library for your platform... using builtin-java classes where applicable
2015-04-10 13:44:00,524 INFO org.apache.hadoop.conf.Configuration.deprecation: session.id is deprecated. Instead, use dfs.metrics.session-id
2015-04-10 13:44:00,549 INFO org.apache.hadoop.metrics.jvm.JvmMetrics: Initializing JVM Metrics with processName=JobTracker, sessionId=
2015-04-10 13:44:00,954 WARN org.apache.hadoop.security.UserGroupInformation: PriviledgedActionException as:cloudera (auth:SIMPLE) cause:org.apache.hadoop.mapred.FileAlreadyExistsException: Output directory file:/home/cloudera/workspace/WordCount/output already exists
2015-04-10 13:45:46,817 WARN org.apache.hadoop.util.NativeCodeLoader: Unable to load native-hadoop library for your platform... using builtin-java classes where applicable
2015-04-10 13:45:48,453 INFO org.apache.hadoop.conf.Configuration.deprecation: session.id is deprecated. Instead, use dfs.metrics.session-id
2015-04-10 13:45:48,461 INFO org.apache.hadoop.metrics.jvm.JvmMetrics: Initializing JVM Metrics with processName=JobTracker, sessionId=
2015-04-10 13:45:51,528 WARN org.apache.hadoop.mapreduce.JobSubmitter: No job jar file set.  User classes may not be found. See Job or Job#setJar(String).
2015-04-10 13:45:51,643 INFO org.apache.hadoop.mapreduce.lib.input.FileInputFormat: Total input paths to process : 1
2015-04-10 13:45:52,310 INFO org.apache.hadoop.mapreduce.JobSubmitter: number of splits:1
2015-04-10 13:45:53,001 INFO org.apache.hadoop.mapreduce.JobSubmitter: Submitting tokens for job: job_local2137045769_0001
2015-04-10 13:45:53,242 WARN org.apache.hadoop.conf.Configuration: file:/tmp/hadoop-cloudera/mapred/staging/cloudera2137045769/.staging/job_local2137045769_0001/job.xml:an attempt to override final parameter: mapreduce.job.end-notification.max.retry.interval;  Ignoring.
2015-04-10 13:45:53,277 WARN org.apache.hadoop.conf.Configuration: file:/tmp/hadoop-cloudera/mapred/staging/cloudera2137045769/.staging/job_local2137045769_0001/job.xml:an attempt to override final parameter: mapreduce.job.end-notification.max.attempts;  Ignoring.
2015-04-10 13:45:54,490 WARN org.apache.hadoop.conf.Configuration: file:/tmp/hadoop-cloudera/mapred/local/localRunner/cloudera/job_local2137045769_0001/job_local2137045769_0001.xml:an attempt to override final parameter: mapreduce.job.end-notification.max.retry.interval;  Ignoring.
2015-04-10 13:45:54,502 WARN org.apache.hadoop.conf.Configuration: file:/tmp/hadoop-cloudera/mapred/local/localRunner/cloudera/job_local2137045769_0001/job_local2137045769_0001.xml:an attempt to override final parameter: mapreduce.job.end-notification.max.attempts;  Ignoring.
2015-04-10 13:45:54,620 INFO org.apache.hadoop.mapreduce.Job: The url to track the job: http://localhost:8080/
2015-04-10 13:45:54,621 INFO org.apache.hadoop.mapreduce.Job: Running job: job_local2137045769_0001
2015-04-10 13:45:55,892 INFO org.apache.hadoop.mapred.LocalJobRunner: OutputCommitter set in config null
2015-04-10 13:45:56,894 INFO org.apache.hadoop.mapreduce.Job: Job job_local2137045769_0001 running in uber mode : false
2015-04-10 13:45:58,249 INFO org.apache.hadoop.mapreduce.Job:  map 0% reduce 0%
2015-04-10 13:46:02,404 INFO org.apache.hadoop.mapred.LocalJobRunner: OutputCommitter is org.apache.hadoop.mapreduce.lib.output.FileOutputCommitter
2015-04-10 13:46:05,622 INFO org.apache.hadoop.mapred.LocalJobRunner: Waiting for map tasks
2015-04-10 13:46:05,624 INFO org.apache.hadoop.mapred.LocalJobRunner: Starting task: attempt_local2137045769_0001_m_000000_0
2015-04-10 13:46:05,941 INFO org.apache.hadoop.mapred.Task:  Using ResourceCalculatorProcessTree : [ ]
2015-04-10 13:46:06,115 INFO org.apache.hadoop.mapred.MapTask: Processing split: file:/home/cloudera/workspace/WordCount/pg100.txt:0+5589886
2015-04-10 13:46:07,582 INFO org.apache.hadoop.mapred.MapTask: (EQUATOR) 0 kvi 26214396(104857584)
2015-04-10 13:46:07,583 INFO org.apache.hadoop.mapred.MapTask: mapreduce.task.io.sort.mb: 100
2015-04-10 13:46:07,583 INFO org.apache.hadoop.mapred.MapTask: soft limit at 83886080
2015-04-10 13:46:07,583 INFO org.apache.hadoop.mapred.MapTask: bufstart = 0; bufvoid = 104857600
2015-04-10 13:46:07,583 INFO org.apache.hadoop.mapred.MapTask: kvstart = 26214396; length = 6553600
2015-04-10 13:46:07,639 INFO org.apache.hadoop.mapred.MapTask: Map output collector class = org.apache.hadoop.mapred.MapTask$MapOutputBuffer
2015-04-10 13:46:09,938 INFO org.apache.hadoop.mapred.LocalJobRunner: 
2015-04-10 13:46:09,938 INFO org.apache.hadoop.mapred.MapTask: Starting flush of map output
2015-04-10 13:46:09,938 INFO org.apache.hadoop.mapred.MapTask: Spilling map output
2015-04-10 13:46:09,938 INFO org.apache.hadoop.mapred.MapTask: bufstart = 0; bufend = 2438106; bufvoid = 104857600
2015-04-10 13:46:09,938 INFO org.apache.hadoop.mapred.MapTask: kvstart = 26214396(104857584); kvend = 24588996(98355984); length = 1625401/6553600
2015-04-10 13:46:10,713 INFO org.apache.hadoop.mapred.MapTask: Finished spill 0
2015-04-10 13:46:10,738 INFO org.apache.hadoop.mapred.Task: Task:attempt_local2137045769_0001_m_000000_0 is done. And is in the process of committing
2015-04-10 13:46:10,755 INFO org.apache.hadoop.mapred.LocalJobRunner: map
2015-04-10 13:46:10,756 INFO org.apache.hadoop.mapred.Task: Task 'attempt_local2137045769_0001_m_000000_0' done.
2015-04-10 13:46:10,756 INFO org.apache.hadoop.mapred.LocalJobRunner: Finishing task: attempt_local2137045769_0001_m_000000_0
2015-04-10 13:46:10,756 INFO org.apache.hadoop.mapred.LocalJobRunner: map task executor complete.
2015-04-10 13:46:10,774 INFO org.apache.hadoop.mapred.LocalJobRunner: Waiting for reduce tasks
2015-04-10 13:46:10,776 INFO org.apache.hadoop.mapred.LocalJobRunner: Starting task: attempt_local2137045769_0001_r_000000_0
2015-04-10 13:46:10,798 INFO org.apache.hadoop.mapred.Task:  Using ResourceCalculatorProcessTree : [ ]
2015-04-10 13:46:10,982 INFO org.apache.hadoop.mapred.ReduceTask: Using ShuffleConsumerPlugin: org.apache.hadoop.mapreduce.task.reduce.Shuffle@3f8efee1
2015-04-10 13:46:11,008 INFO org.apache.hadoop.mapreduce.task.reduce.MergeManagerImpl: MergerManager: memoryLimit=177399392, maxSingleShuffleLimit=44349848, mergeThreshold=117083600, ioSortFactor=10, memToMemMergeOutputsThreshold=10
2015-04-10 13:46:11,015 INFO org.apache.hadoop.mapreduce.task.reduce.EventFetcher: attempt_local2137045769_0001_r_000000_0 Thread started: EventFetcher for fetching Map Completion Events
2015-04-10 13:46:11,188 INFO org.apache.hadoop.mapreduce.task.reduce.LocalFetcher: localfetcher#1 about to shuffle output of map attempt_local2137045769_0001_m_000000_0 decomp: 3250810 len: 3250814 to MEMORY
2015-04-10 13:46:11,249 INFO org.apache.hadoop.mapreduce.task.reduce.InMemoryMapOutput: Read 3250810 bytes from map-output for attempt_local2137045769_0001_m_000000_0
2015-04-10 13:46:11,349 INFO org.apache.hadoop.mapreduce.Job:  map 100% reduce 0%
2015-04-10 13:46:11,426 INFO org.apache.hadoop.mapreduce.task.reduce.MergeManagerImpl: closeInMemoryFile -> map-output of size: 3250810, inMemoryMapOutputs.size() -> 1, commitMemory -> 0, usedMemory ->3250810
2015-04-10 13:46:11,433 INFO org.apache.hadoop.mapreduce.task.reduce.EventFetcher: EventFetcher is interrupted.. Returning
2015-04-10 13:46:11,435 INFO org.apache.hadoop.mapred.LocalJobRunner: 1 / 1 copied.
2015-04-10 13:46:11,436 INFO org.apache.hadoop.mapreduce.task.reduce.MergeManagerImpl: finalMerge called with 1 in-memory map-outputs and 0 on-disk map-outputs
2015-04-10 13:46:11,462 INFO org.apache.hadoop.mapred.Merger: Merging 1 sorted segments
2015-04-10 13:46:11,462 INFO org.apache.hadoop.mapred.Merger: Down to the last merge-pass, with 1 segments left of total size: 3250806 bytes
2015-04-10 13:46:12,343 INFO org.apache.hadoop.mapreduce.task.reduce.MergeManagerImpl: Merged 1 segments, 3250810 bytes to disk to satisfy reduce memory limit
2015-04-10 13:46:12,345 INFO org.apache.hadoop.mapreduce.task.reduce.MergeManagerImpl: Merging 1 files, 3250814 bytes from disk
2015-04-10 13:46:12,347 INFO org.apache.hadoop.mapreduce.task.reduce.MergeManagerImpl: Merging 0 segments, 0 bytes from memory into reduce
2015-04-10 13:46:12,348 INFO org.apache.hadoop.mapred.Merger: Merging 1 sorted segments
2015-04-10 13:46:12,348 INFO org.apache.hadoop.mapred.Merger: Down to the last merge-pass, with 1 segments left of total size: 3250806 bytes
2015-04-10 13:46:12,353 INFO org.apache.hadoop.mapred.LocalJobRunner: 1 / 1 copied.
2015-04-10 13:46:12,381 INFO org.apache.hadoop.conf.Configuration.deprecation: mapred.skip.on is deprecated. Instead, use mapreduce.job.skiprecords
2015-04-10 13:46:13,177 INFO org.apache.hadoop.mapred.Task: Task:attempt_local2137045769_0001_r_000000_0 is done. And is in the process of committing
2015-04-10 13:46:13,184 INFO org.apache.hadoop.mapred.LocalJobRunner: 1 / 1 copied.
2015-04-10 13:46:13,184 INFO org.apache.hadoop.mapred.Task: Task attempt_local2137045769_0001_r_000000_0 is allowed to commit now
2015-04-10 13:46:13,186 INFO org.apache.hadoop.mapreduce.lib.output.FileOutputCommitter: Saved output of task 'attempt_local2137045769_0001_r_000000_0' to file:/home/cloudera/workspace/WordCount/output/_temporary/0/task_local2137045769_0001_r_000000
2015-04-10 13:46:13,188 INFO org.apache.hadoop.mapred.LocalJobRunner: reduce > reduce
2015-04-10 13:46:13,188 INFO org.apache.hadoop.mapred.Task: Task 'attempt_local2137045769_0001_r_000000_0' done.
2015-04-10 13:46:13,188 INFO org.apache.hadoop.mapred.LocalJobRunner: Finishing task: attempt_local2137045769_0001_r_000000_0
2015-04-10 13:46:13,190 INFO org.apache.hadoop.mapred.LocalJobRunner: reduce task executor complete.
2015-04-10 13:46:13,353 INFO org.apache.hadoop.mapreduce.Job:  map 100% reduce 100%
2015-04-10 13:46:13,354 INFO org.apache.hadoop.mapreduce.Job: Job job_local2137045769_0001 completed successfully
2015-04-10 13:46:13,370 INFO org.apache.hadoop.mapreduce.Job: Counters: 33
	File System Counters
		FILE: Number of bytes read=17681774
		FILE: Number of bytes written=10253498
		FILE: Number of read operations=0
		FILE: Number of large read operations=0
		FILE: Number of write operations=0
	Map-Reduce Framework
		Map input records=124787
		Map output records=406351
		Map output bytes=2438106
		Map output materialized bytes=3250814
		Input split bytes=114
		Combine input records=0
		Combine output records=0
		Reduce input groups=11
		Reduce shuffle bytes=3250814
		Reduce input records=406351
		Reduce output records=11
		Spilled Records=812702
		Shuffled Maps =1
		Failed Shuffles=0
		Merged Map outputs=1
		GC time elapsed (ms)=232
		CPU time spent (ms)=0
		Physical memory (bytes) snapshot=0
		Virtual memory (bytes) snapshot=0
		Total committed heap usage (bytes)=241573888
	Shuffle Errors
		BAD_ID=0
		CONNECTION=0
		IO_ERROR=0
		WRONG_LENGTH=0
		WRONG_MAP=0
		WRONG_REDUCE=0
	File Input Format Counters 
		Bytes Read=5589886
	File Output Format Counters 
		Bytes Written=98
2015-04-10 13:53:59,574 WARN org.apache.hadoop.util.NativeCodeLoader: Unable to load native-hadoop library for your platform... using builtin-java classes where applicable
2015-04-10 13:54:00,512 INFO org.apache.hadoop.conf.Configuration.deprecation: session.id is deprecated. Instead, use dfs.metrics.session-id
2015-04-10 13:54:00,566 INFO org.apache.hadoop.metrics.jvm.JvmMetrics: Initializing JVM Metrics with processName=JobTracker, sessionId=
2015-04-10 13:54:01,867 WARN org.apache.hadoop.mapreduce.JobSubmitter: No job jar file set.  User classes may not be found. See Job or Job#setJar(String).
2015-04-10 13:54:01,888 INFO org.apache.hadoop.mapreduce.lib.input.FileInputFormat: Total input paths to process : 1
2015-04-10 13:54:02,048 INFO org.apache.hadoop.mapreduce.JobSubmitter: number of splits:1
2015-04-10 13:54:02,934 INFO org.apache.hadoop.mapreduce.JobSubmitter: Submitting tokens for job: job_local528290257_0001
2015-04-10 13:54:03,274 WARN org.apache.hadoop.conf.Configuration: file:/tmp/hadoop-cloudera/mapred/staging/cloudera528290257/.staging/job_local528290257_0001/job.xml:an attempt to override final parameter: mapreduce.job.end-notification.max.retry.interval;  Ignoring.
2015-04-10 13:54:03,325 WARN org.apache.hadoop.conf.Configuration: file:/tmp/hadoop-cloudera/mapred/staging/cloudera528290257/.staging/job_local528290257_0001/job.xml:an attempt to override final parameter: mapreduce.job.end-notification.max.attempts;  Ignoring.
2015-04-10 13:54:04,051 WARN org.apache.hadoop.conf.Configuration: file:/tmp/hadoop-cloudera/mapred/local/localRunner/cloudera/job_local528290257_0001/job_local528290257_0001.xml:an attempt to override final parameter: mapreduce.job.end-notification.max.retry.interval;  Ignoring.
2015-04-10 13:54:04,083 WARN org.apache.hadoop.conf.Configuration: file:/tmp/hadoop-cloudera/mapred/local/localRunner/cloudera/job_local528290257_0001/job_local528290257_0001.xml:an attempt to override final parameter: mapreduce.job.end-notification.max.attempts;  Ignoring.
2015-04-10 13:54:04,137 INFO org.apache.hadoop.mapreduce.Job: The url to track the job: http://localhost:8080/
2015-04-10 13:54:04,139 INFO org.apache.hadoop.mapreduce.Job: Running job: job_local528290257_0001
2015-04-10 13:54:04,267 INFO org.apache.hadoop.mapred.LocalJobRunner: OutputCommitter set in config null
2015-04-10 13:54:04,282 INFO org.apache.hadoop.mapred.LocalJobRunner: OutputCommitter is org.apache.hadoop.mapreduce.lib.output.FileOutputCommitter
2015-04-10 13:54:04,472 INFO org.apache.hadoop.mapred.LocalJobRunner: Waiting for map tasks
2015-04-10 13:54:04,475 INFO org.apache.hadoop.mapred.LocalJobRunner: Starting task: attempt_local528290257_0001_m_000000_0
2015-04-10 13:54:04,844 INFO org.apache.hadoop.mapred.Task:  Using ResourceCalculatorProcessTree : [ ]
2015-04-10 13:54:04,852 INFO org.apache.hadoop.mapred.MapTask: Processing split: file:/home/cloudera/workspace/WordCount/pg100.txt:0+5589886
2015-04-10 13:54:05,407 INFO org.apache.hadoop.mapred.MapTask: (EQUATOR) 0 kvi 26214396(104857584)
2015-04-10 13:54:05,408 INFO org.apache.hadoop.mapred.MapTask: mapreduce.task.io.sort.mb: 100
2015-04-10 13:54:05,409 INFO org.apache.hadoop.mapred.MapTask: soft limit at 83886080
2015-04-10 13:54:05,409 INFO org.apache.hadoop.mapred.MapTask: bufstart = 0; bufvoid = 104857600
2015-04-10 13:54:05,409 INFO org.apache.hadoop.mapred.MapTask: kvstart = 26214396; length = 6553600
2015-04-10 13:54:05,784 INFO org.apache.hadoop.mapreduce.Job: Job job_local528290257_0001 running in uber mode : false
2015-04-10 13:54:06,139 INFO org.apache.hadoop.mapreduce.Job:  map 0% reduce 0%
2015-04-10 13:54:06,519 INFO org.apache.hadoop.mapred.MapTask: Map output collector class = org.apache.hadoop.mapred.MapTask$MapOutputBuffer
2015-04-10 13:54:10,952 INFO org.apache.hadoop.mapred.LocalJobRunner: map > sort
2015-04-10 13:54:10,962 INFO org.apache.hadoop.mapred.LocalJobRunner: map > sort
2015-04-10 13:54:10,962 INFO org.apache.hadoop.mapred.MapTask: Starting flush of map output
2015-04-10 13:54:10,963 INFO org.apache.hadoop.mapred.MapTask: Spilling map output
2015-04-10 13:54:10,963 INFO org.apache.hadoop.mapred.MapTask: bufstart = 0; bufend = 5733534; bufvoid = 104857600
2015-04-10 13:54:10,963 INFO org.apache.hadoop.mapred.MapTask: kvstart = 26214396(104857584); kvend = 22392044(89568176); length = 3822353/6553600
2015-04-10 13:54:11,502 INFO org.apache.hadoop.mapreduce.Job:  map 67% reduce 0%
2015-04-10 13:54:12,231 INFO org.apache.hadoop.mapred.MapTask: Finished spill 0
2015-04-10 13:54:12,238 INFO org.apache.hadoop.mapred.Task: Task:attempt_local528290257_0001_m_000000_0 is done. And is in the process of committing
2015-04-10 13:54:12,243 INFO org.apache.hadoop.mapred.LocalJobRunner: map
2015-04-10 13:54:12,246 INFO org.apache.hadoop.mapred.Task: Task 'attempt_local528290257_0001_m_000000_0' done.
2015-04-10 13:54:12,247 INFO org.apache.hadoop.mapred.LocalJobRunner: Finishing task: attempt_local528290257_0001_m_000000_0
2015-04-10 13:54:12,247 INFO org.apache.hadoop.mapred.LocalJobRunner: map task executor complete.
2015-04-10 13:54:12,255 INFO org.apache.hadoop.mapred.LocalJobRunner: Waiting for reduce tasks
2015-04-10 13:54:12,255 INFO org.apache.hadoop.mapred.LocalJobRunner: Starting task: attempt_local528290257_0001_r_000000_0
2015-04-10 13:54:12,275 INFO org.apache.hadoop.mapred.Task:  Using ResourceCalculatorProcessTree : [ ]
2015-04-10 13:54:12,282 INFO org.apache.hadoop.mapred.ReduceTask: Using ShuffleConsumerPlugin: org.apache.hadoop.mapreduce.task.reduce.Shuffle@42bed1e7
2015-04-10 13:54:12,318 INFO org.apache.hadoop.mapreduce.task.reduce.MergeManagerImpl: MergerManager: memoryLimit=177399392, maxSingleShuffleLimit=44349848, mergeThreshold=117083600, ioSortFactor=10, memToMemMergeOutputsThreshold=10
2015-04-10 13:54:12,325 INFO org.apache.hadoop.mapreduce.task.reduce.EventFetcher: attempt_local528290257_0001_r_000000_0 Thread started: EventFetcher for fetching Map Completion Events
2015-04-10 13:54:12,560 INFO org.apache.hadoop.mapreduce.Job:  map 100% reduce 0%
2015-04-10 13:54:12,574 INFO org.apache.hadoop.mapreduce.task.reduce.LocalFetcher: localfetcher#1 about to shuffle output of map attempt_local528290257_0001_m_000000_0 decomp: 7644714 len: 7644718 to MEMORY
2015-04-10 13:54:12,676 INFO org.apache.hadoop.mapreduce.task.reduce.InMemoryMapOutput: Read 7644714 bytes from map-output for attempt_local528290257_0001_m_000000_0
2015-04-10 13:54:12,788 INFO org.apache.hadoop.mapreduce.task.reduce.MergeManagerImpl: closeInMemoryFile -> map-output of size: 7644714, inMemoryMapOutputs.size() -> 1, commitMemory -> 0, usedMemory ->7644714
2015-04-10 13:54:12,793 INFO org.apache.hadoop.mapreduce.task.reduce.EventFetcher: EventFetcher is interrupted.. Returning
2015-04-10 13:54:12,796 INFO org.apache.hadoop.mapred.LocalJobRunner: 1 / 1 copied.
2015-04-10 13:54:12,796 INFO org.apache.hadoop.mapreduce.task.reduce.MergeManagerImpl: finalMerge called with 1 in-memory map-outputs and 0 on-disk map-outputs
2015-04-10 13:54:12,822 INFO org.apache.hadoop.mapred.Merger: Merging 1 sorted segments
2015-04-10 13:54:12,831 INFO org.apache.hadoop.mapred.Merger: Down to the last merge-pass, with 1 segments left of total size: 7644710 bytes
2015-04-10 13:54:14,004 INFO org.apache.hadoop.mapreduce.task.reduce.MergeManagerImpl: Merged 1 segments, 7644714 bytes to disk to satisfy reduce memory limit
2015-04-10 13:54:14,005 INFO org.apache.hadoop.mapreduce.task.reduce.MergeManagerImpl: Merging 1 files, 7644718 bytes from disk
2015-04-10 13:54:14,007 INFO org.apache.hadoop.mapreduce.task.reduce.MergeManagerImpl: Merging 0 segments, 0 bytes from memory into reduce
2015-04-10 13:54:14,007 INFO org.apache.hadoop.mapred.Merger: Merging 1 sorted segments
2015-04-10 13:54:14,009 INFO org.apache.hadoop.mapred.Merger: Down to the last merge-pass, with 1 segments left of total size: 7644710 bytes
2015-04-10 13:54:14,010 INFO org.apache.hadoop.mapred.LocalJobRunner: 1 / 1 copied.
2015-04-10 13:54:14,030 INFO org.apache.hadoop.conf.Configuration.deprecation: mapred.skip.on is deprecated. Instead, use mapreduce.job.skiprecords
2015-04-10 13:54:15,038 INFO org.apache.hadoop.mapred.Task: Task:attempt_local528290257_0001_r_000000_0 is done. And is in the process of committing
2015-04-10 13:54:15,043 INFO org.apache.hadoop.mapred.LocalJobRunner: 1 / 1 copied.
2015-04-10 13:54:15,044 INFO org.apache.hadoop.mapred.Task: Task attempt_local528290257_0001_r_000000_0 is allowed to commit now
2015-04-10 13:54:15,045 INFO org.apache.hadoop.mapreduce.lib.output.FileOutputCommitter: Saved output of task 'attempt_local528290257_0001_r_000000_0' to file:/home/cloudera/workspace/WordCount/output/_temporary/0/task_local528290257_0001_r_000000
2015-04-10 13:54:15,047 INFO org.apache.hadoop.mapred.LocalJobRunner: reduce > reduce
2015-04-10 13:54:15,047 INFO org.apache.hadoop.mapred.Task: Task 'attempt_local528290257_0001_r_000000_0' done.
2015-04-10 13:54:15,047 INFO org.apache.hadoop.mapred.LocalJobRunner: Finishing task: attempt_local528290257_0001_r_000000_0
2015-04-10 13:54:15,047 INFO org.apache.hadoop.mapred.LocalJobRunner: reduce task executor complete.
2015-04-10 13:54:15,576 INFO org.apache.hadoop.mapreduce.Job:  map 100% reduce 100%
2015-04-10 13:54:15,577 INFO org.apache.hadoop.mapreduce.Job: Job job_local528290257_0001 completed successfully
2015-04-10 13:54:15,611 INFO org.apache.hadoop.mapreduce.Job: Counters: 33
	File System Counters
		FILE: Number of bytes read=26469582
		FILE: Number of bytes written=23432682
		FILE: Number of read operations=0
		FILE: Number of large read operations=0
		FILE: Number of write operations=0
	Map-Reduce Framework
		Map input records=124787
		Map output records=955589
		Map output bytes=5733534
		Map output materialized bytes=7644718
		Input split bytes=114
		Combine input records=0
		Combine output records=0
		Reduce input groups=25
		Reduce shuffle bytes=7644718
		Reduce input records=955589
		Reduce output records=25
		Spilled Records=1911178
		Shuffled Maps =1
		Failed Shuffles=0
		Merged Map outputs=1
		GC time elapsed (ms)=250
		CPU time spent (ms)=0
		Physical memory (bytes) snapshot=0
		Virtual memory (bytes) snapshot=0
		Total committed heap usage (bytes)=288759808
	Shuffle Errors
		BAD_ID=0
		CONNECTION=0
		IO_ERROR=0
		WRONG_LENGTH=0
		WRONG_MAP=0
		WRONG_REDUCE=0
	File Input Format Counters 
		Bytes Read=5589886
	File Output Format Counters 
		Bytes Written=206
2015-04-10 16:22:36,861 WARN org.apache.hadoop.util.NativeCodeLoader: Unable to load native-hadoop library for your platform... using builtin-java classes where applicable
2015-04-10 16:22:37,489 INFO org.apache.hadoop.conf.Configuration.deprecation: session.id is deprecated. Instead, use dfs.metrics.session-id
2015-04-10 16:22:37,525 INFO org.apache.hadoop.metrics.jvm.JvmMetrics: Initializing JVM Metrics with processName=JobTracker, sessionId=
2015-04-10 16:22:38,458 WARN org.apache.hadoop.mapreduce.JobSubmitter: No job jar file set.  User classes may not be found. See Job or Job#setJar(String).
2015-04-10 16:22:38,474 INFO org.apache.hadoop.mapreduce.lib.input.FileInputFormat: Total input paths to process : 1
2015-04-10 16:22:38,740 INFO org.apache.hadoop.mapreduce.JobSubmitter: number of splits:1
2015-04-10 16:22:39,480 INFO org.apache.hadoop.mapreduce.JobSubmitter: Submitting tokens for job: job_local1657998933_0001
2015-04-10 16:22:39,633 WARN org.apache.hadoop.conf.Configuration: file:/tmp/hadoop-cloudera/mapred/staging/cloudera1657998933/.staging/job_local1657998933_0001/job.xml:an attempt to override final parameter: mapreduce.job.end-notification.max.retry.interval;  Ignoring.
2015-04-10 16:22:39,700 WARN org.apache.hadoop.conf.Configuration: file:/tmp/hadoop-cloudera/mapred/staging/cloudera1657998933/.staging/job_local1657998933_0001/job.xml:an attempt to override final parameter: mapreduce.job.end-notification.max.attempts;  Ignoring.
2015-04-10 16:22:40,106 WARN org.apache.hadoop.conf.Configuration: file:/tmp/hadoop-cloudera/mapred/local/localRunner/cloudera/job_local1657998933_0001/job_local1657998933_0001.xml:an attempt to override final parameter: mapreduce.job.end-notification.max.retry.interval;  Ignoring.
2015-04-10 16:22:40,141 WARN org.apache.hadoop.conf.Configuration: file:/tmp/hadoop-cloudera/mapred/local/localRunner/cloudera/job_local1657998933_0001/job_local1657998933_0001.xml:an attempt to override final parameter: mapreduce.job.end-notification.max.attempts;  Ignoring.
2015-04-10 16:22:40,186 INFO org.apache.hadoop.mapreduce.Job: The url to track the job: http://localhost:8080/
2015-04-10 16:22:40,191 INFO org.apache.hadoop.mapreduce.Job: Running job: job_local1657998933_0001
2015-04-10 16:22:40,310 INFO org.apache.hadoop.mapred.LocalJobRunner: OutputCommitter set in config null
2015-04-10 16:22:40,339 INFO org.apache.hadoop.mapred.LocalJobRunner: OutputCommitter is org.apache.hadoop.mapreduce.lib.output.FileOutputCommitter
2015-04-10 16:22:40,493 INFO org.apache.hadoop.mapred.LocalJobRunner: Waiting for map tasks
2015-04-10 16:22:40,494 INFO org.apache.hadoop.mapred.LocalJobRunner: Starting task: attempt_local1657998933_0001_m_000000_0
2015-04-10 16:22:40,584 INFO org.apache.hadoop.mapred.Task:  Using ResourceCalculatorProcessTree : [ ]
2015-04-10 16:22:40,587 INFO org.apache.hadoop.mapred.MapTask: Processing split: file:/home/cloudera/workspace/WordCount/pg100.txt:0+5589886
2015-04-10 16:22:41,310 INFO org.apache.hadoop.mapreduce.Job: Job job_local1657998933_0001 running in uber mode : false
2015-04-10 16:22:41,377 INFO org.apache.hadoop.mapreduce.Job:  map 0% reduce 0%
2015-04-10 16:22:41,423 INFO org.apache.hadoop.mapred.MapTask: (EQUATOR) 0 kvi 26214396(104857584)
2015-04-10 16:22:41,423 INFO org.apache.hadoop.mapred.MapTask: mapreduce.task.io.sort.mb: 100
2015-04-10 16:22:41,424 INFO org.apache.hadoop.mapred.MapTask: soft limit at 83886080
2015-04-10 16:22:41,425 INFO org.apache.hadoop.mapred.MapTask: bufstart = 0; bufvoid = 104857600
2015-04-10 16:22:41,426 INFO org.apache.hadoop.mapred.MapTask: kvstart = 26214396; length = 6553600
2015-04-10 16:22:41,670 INFO org.apache.hadoop.mapred.MapTask: Map output collector class = org.apache.hadoop.mapred.MapTask$MapOutputBuffer
2015-04-10 16:22:45,538 INFO org.apache.hadoop.mapred.LocalJobRunner: 
2015-04-10 16:22:45,540 INFO org.apache.hadoop.mapred.MapTask: Starting flush of map output
2015-04-10 16:22:45,540 INFO org.apache.hadoop.mapred.MapTask: Spilling map output
2015-04-10 16:22:45,540 INFO org.apache.hadoop.mapred.MapTask: bufstart = 0; bufend = 5733534; bufvoid = 104857600
2015-04-10 16:22:45,540 INFO org.apache.hadoop.mapred.MapTask: kvstart = 26214396(104857584); kvend = 22392044(89568176); length = 3822353/6553600
2015-04-10 16:22:47,035 INFO org.apache.hadoop.mapred.LocalJobRunner: map > sort
2015-04-10 16:22:47,407 INFO org.apache.hadoop.mapreduce.Job:  map 67% reduce 0%
2015-04-10 16:22:49,601 INFO org.apache.hadoop.mapred.MapTask: Finished spill 0
2015-04-10 16:22:49,676 INFO org.apache.hadoop.mapred.Task: Task:attempt_local1657998933_0001_m_000000_0 is done. And is in the process of committing
2015-04-10 16:22:49,820 INFO org.apache.hadoop.mapred.LocalJobRunner: map
2015-04-10 16:22:49,821 INFO org.apache.hadoop.mapred.Task: Task 'attempt_local1657998933_0001_m_000000_0' done.
2015-04-10 16:22:49,821 INFO org.apache.hadoop.mapred.LocalJobRunner: Finishing task: attempt_local1657998933_0001_m_000000_0
2015-04-10 16:22:49,821 INFO org.apache.hadoop.mapred.LocalJobRunner: map task executor complete.
2015-04-10 16:22:50,067 INFO org.apache.hadoop.mapred.LocalJobRunner: Waiting for reduce tasks
2015-04-10 16:22:50,389 INFO org.apache.hadoop.mapred.LocalJobRunner: Starting task: attempt_local1657998933_0001_r_000000_0
2015-04-10 16:22:50,414 INFO org.apache.hadoop.mapreduce.Job:  map 100% reduce 0%
2015-04-10 16:22:51,369 INFO org.apache.hadoop.mapred.Task:  Using ResourceCalculatorProcessTree : [ ]
2015-04-10 16:22:51,417 INFO org.apache.hadoop.mapred.ReduceTask: Using ShuffleConsumerPlugin: org.apache.hadoop.mapreduce.task.reduce.Shuffle@7a6769ea
2015-04-10 16:22:52,408 INFO org.apache.hadoop.mapreduce.task.reduce.MergeManagerImpl: MergerManager: memoryLimit=177399392, maxSingleShuffleLimit=44349848, mergeThreshold=117083600, ioSortFactor=10, memToMemMergeOutputsThreshold=10
2015-04-10 16:22:52,416 INFO org.apache.hadoop.mapreduce.task.reduce.EventFetcher: attempt_local1657998933_0001_r_000000_0 Thread started: EventFetcher for fetching Map Completion Events
2015-04-10 16:22:54,314 INFO org.apache.hadoop.mapreduce.task.reduce.LocalFetcher: localfetcher#1 about to shuffle output of map attempt_local1657998933_0001_m_000000_0 decomp: 7644714 len: 7644718 to MEMORY
2015-04-10 16:22:58,573 INFO org.apache.hadoop.mapreduce.task.reduce.InMemoryMapOutput: Read 7644714 bytes from map-output for attempt_local1657998933_0001_m_000000_0
2015-04-10 16:22:58,717 INFO org.apache.hadoop.mapreduce.task.reduce.MergeManagerImpl: closeInMemoryFile -> map-output of size: 7644714, inMemoryMapOutputs.size() -> 1, commitMemory -> 0, usedMemory ->7644714
2015-04-10 16:22:58,746 INFO org.apache.hadoop.mapreduce.task.reduce.EventFetcher: EventFetcher is interrupted.. Returning
2015-04-10 16:22:59,018 INFO org.apache.hadoop.mapred.LocalJobRunner: 1 / 1 copied.
2015-04-10 16:22:59,020 INFO org.apache.hadoop.mapreduce.task.reduce.MergeManagerImpl: finalMerge called with 1 in-memory map-outputs and 0 on-disk map-outputs
2015-04-10 16:22:59,072 INFO org.apache.hadoop.mapred.Merger: Merging 1 sorted segments
2015-04-10 16:22:59,073 INFO org.apache.hadoop.mapred.Merger: Down to the last merge-pass, with 1 segments left of total size: 7644710 bytes
2015-04-10 16:23:00,534 INFO org.apache.hadoop.mapred.LocalJobRunner: reduce > sort
2015-04-10 16:23:00,582 INFO org.apache.hadoop.mapreduce.Job:  map 100% reduce 52%
2015-04-10 16:23:00,915 INFO org.apache.hadoop.mapreduce.task.reduce.MergeManagerImpl: Merged 1 segments, 7644714 bytes to disk to satisfy reduce memory limit
2015-04-10 16:23:00,922 INFO org.apache.hadoop.mapreduce.task.reduce.MergeManagerImpl: Merging 1 files, 7644718 bytes from disk
2015-04-10 16:23:00,936 INFO org.apache.hadoop.mapreduce.task.reduce.MergeManagerImpl: Merging 0 segments, 0 bytes from memory into reduce
2015-04-10 16:23:00,936 INFO org.apache.hadoop.mapred.Merger: Merging 1 sorted segments
2015-04-10 16:23:00,937 INFO org.apache.hadoop.mapred.Merger: Down to the last merge-pass, with 1 segments left of total size: 7644710 bytes
2015-04-10 16:23:00,939 INFO org.apache.hadoop.mapred.LocalJobRunner: reduce > sort
2015-04-10 16:23:02,069 INFO org.apache.hadoop.conf.Configuration.deprecation: mapred.skip.on is deprecated. Instead, use mapreduce.job.skiprecords
2015-04-10 16:23:04,153 INFO org.apache.hadoop.mapred.LocalJobRunner: reduce > reduce
2015-04-10 16:23:05,461 INFO org.apache.hadoop.mapreduce.Job:  map 100% reduce 67%
2015-04-10 16:23:07,325 INFO org.apache.hadoop.mapred.LocalJobRunner: reduce > reduce
2015-04-10 16:23:08,024 INFO org.apache.hadoop.mapreduce.Job:  map 100% reduce 68%
2015-04-10 16:23:10,712 INFO org.apache.hadoop.mapred.LocalJobRunner: reduce > reduce
2015-04-10 16:23:11,837 INFO org.apache.hadoop.mapreduce.Job:  map 100% reduce 69%
2015-04-10 16:23:13,988 INFO org.apache.hadoop.mapred.LocalJobRunner: reduce > reduce
2015-04-10 16:23:15,697 INFO org.apache.hadoop.mapreduce.Job:  map 100% reduce 72%
2015-04-10 16:23:17,009 INFO org.apache.hadoop.mapred.LocalJobRunner: reduce > reduce
2015-04-10 16:23:17,929 INFO org.apache.hadoop.mapreduce.Job:  map 100% reduce 77%
2015-04-10 16:23:20,064 INFO org.apache.hadoop.mapred.Task: Task:attempt_local1657998933_0001_r_000000_0 is done. And is in the process of committing
2015-04-10 16:23:20,071 INFO org.apache.hadoop.mapred.LocalJobRunner: reduce > reduce
2015-04-10 16:23:20,072 INFO org.apache.hadoop.mapred.Task: Task attempt_local1657998933_0001_r_000000_0 is allowed to commit now
2015-04-10 16:23:20,078 INFO org.apache.hadoop.mapreduce.lib.output.FileOutputCommitter: Saved output of task 'attempt_local1657998933_0001_r_000000_0' to file:/home/cloudera/workspace/WordCount/output/_temporary/0/task_local1657998933_0001_r_000000
2015-04-10 16:23:20,170 INFO org.apache.hadoop.mapred.LocalJobRunner: reduce > reduce
2015-04-10 16:23:20,170 INFO org.apache.hadoop.mapred.Task: Task 'attempt_local1657998933_0001_r_000000_0' done.
2015-04-10 16:23:20,170 INFO org.apache.hadoop.mapred.LocalJobRunner: Finishing task: attempt_local1657998933_0001_r_000000_0
2015-04-10 16:23:20,582 INFO org.apache.hadoop.mapred.LocalJobRunner: reduce task executor complete.
2015-04-10 16:23:20,934 INFO org.apache.hadoop.mapreduce.Job:  map 100% reduce 100%
2015-04-10 16:23:21,958 INFO org.apache.hadoop.mapreduce.Job: Job job_local1657998933_0001 completed successfully
2015-04-10 16:23:22,167 INFO org.apache.hadoop.mapreduce.Job: Counters: 33
	File System Counters
		FILE: Number of bytes read=26469582
		FILE: Number of bytes written=23435318
		FILE: Number of read operations=0
		FILE: Number of large read operations=0
		FILE: Number of write operations=0
	Map-Reduce Framework
		Map input records=124787
		Map output records=955589
		Map output bytes=5733534
		Map output materialized bytes=7644718
		Input split bytes=114
		Combine input records=0
		Combine output records=0
		Reduce input groups=25
		Reduce shuffle bytes=7644718
		Reduce input records=955589
		Reduce output records=25
		Spilled Records=1911178
		Shuffled Maps =1
		Failed Shuffles=0
		Merged Map outputs=1
		GC time elapsed (ms)=204
		CPU time spent (ms)=0
		Physical memory (bytes) snapshot=0
		Virtual memory (bytes) snapshot=0
		Total committed heap usage (bytes)=288759808
	Shuffle Errors
		BAD_ID=0
		CONNECTION=0
		IO_ERROR=0
		WRONG_LENGTH=0
		WRONG_MAP=0
		WRONG_REDUCE=0
	File Input Format Counters 
		Bytes Read=5589886
	File Output Format Counters 
		Bytes Written=206
